J:\GPU\SUMMATIONPHASESCREEN4\BNS_APP\DEBUG\BNS_APP.EXE.INTERMEDIATE.MANIFEST
J:\GPU\SUMMATIONPHASESCREEN4\BNS_APP\DEBUG\BNS_APP.OBJ
J:\GPU\SUMMATIONPHASESCREEN4\BNS_APP\DEBUG\BNS_APP.PCH
J:\GPU\SUMMATIONPHASESCREEN4\BNS_APP\DEBUG\BNS_APP.RES
J:\GPU\SummationPhaseScreen4\BNS_APP\Debug\BNS_APP.vcxprojResolveAssemblyReference.cache
J:\GPU\SummationPhaseScreen4\BNS_APP\Debug\BNS_APP.write.1.tlog
J:\GPU\SUMMATIONPHASESCREEN4\BNS_APP\DEBUG\BNS_APPDLG.OBJ
J:\GPU\SUMMATIONPHASESCREEN4\BNS_APP\DEBUG\CDIB.OBJ
J:\GPU\SummationPhaseScreen4\BNS_APP\Debug\cl.command.1.tlog
J:\GPU\SummationPhaseScreen4\BNS_APP\Debug\CL.read.1.tlog
J:\GPU\SummationPhaseScreen4\BNS_APP\Debug\CL.write.1.tlog
J:\GPU\SummationPhaseScreen4\BNS_APP\Debug\kernel.cu.cache
J:\GPU\SummationPhaseScreen4\BNS_APP\Debug\kernel.cu.obj
J:\GPU\SummationPhaseScreen4\BNS_APP\Debug\link.command.1.tlog
J:\GPU\SummationPhaseScreen4\BNS_APP\Debug\link.read.1.tlog
J:\GPU\SummationPhaseScreen4\BNS_APP\Debug\link.write.1.tlog
J:\GPU\SummationPhaseScreen4\BNS_APP\Debug\link-cvtres.read.1.tlog
J:\GPU\SummationPhaseScreen4\BNS_APP\Debug\link-cvtres.write.1.tlog
J:\GPU\SummationPhaseScreen4\BNS_APP\Debug\mt.command.1.tlog
J:\GPU\SummationPhaseScreen4\BNS_APP\Debug\mt.read.1.tlog
J:\GPU\SummationPhaseScreen4\BNS_APP\Debug\mt.write.1.tlog
J:\GPU\SUMMATIONPHASESCREEN4\BNS_APP\DEBUG\OUT.OBJ
J:\GPU\SummationPhaseScreen4\BNS_APP\Debug\rc.command.1.tlog
J:\GPU\SummationPhaseScreen4\BNS_APP\Debug\rc.read.1.tlog
J:\GPU\SummationPhaseScreen4\BNS_APP\Debug\rc.write.1.tlog
J:\GPU\SUMMATIONPHASESCREEN4\BNS_APP\DEBUG\STDAFX.OBJ
J:\GPU\SUMMATIONPHASESCREEN4\BNS_APP\DEBUG\VC100.PDB
J:\GPU\SUMMATIONPHASESCREEN4\BNS_APP\DEBUG\WZDSPLASH.OBJ
J:\GPU\SUMMATIONPHASESCREEN4\DEBUG\BNS_APP.EXE
J:\GPU\SUMMATIONPHASESCREEN4\DEBUG\BNS_APP.PDB
