J:\GPU\SUMMATIONPHASESCREEN4\BNS_APP\RELEASE\BNS_APP.EXE.INTERMEDIATE.MANIFEST
J:\GPU\SUMMATIONPHASESCREEN4\BNS_APP\RELEASE\BNS_APP.OBJ
J:\GPU\SUMMATIONPHASESCREEN4\BNS_APP\RELEASE\BNS_APP.RES
J:\GPU\SummationPhaseScreen4\BNS_APP\Release\BNS_APP.vcxprojResolveAssemblyReference.cache
J:\GPU\SummationPhaseScreen4\BNS_APP\Release\BNS_APP.write.1.tlog
J:\GPU\SUMMATIONPHASESCREEN4\BNS_APP\RELEASE\BNS_APPDLG.OBJ
J:\GPU\SUMMATIONPHASESCREEN4\BNS_APP\RELEASE\BNSPCIESDK.PCH
J:\GPU\SUMMATIONPHASESCREEN4\BNS_APP\RELEASE\CDIB.OBJ
J:\GPU\SummationPhaseScreen4\BNS_APP\Release\cl.command.1.tlog
J:\GPU\SummationPhaseScreen4\BNS_APP\Release\CL.read.1.tlog
J:\GPU\SummationPhaseScreen4\BNS_APP\Release\CL.write.1.tlog
J:\GPU\SummationPhaseScreen4\BNS_APP\Release\kernel.cu.cache
J:\GPU\SummationPhaseScreen4\BNS_APP\Release\kernel.cu.obj
J:\GPU\SummationPhaseScreen4\BNS_APP\Release\link.command.1.tlog
J:\GPU\SummationPhaseScreen4\BNS_APP\Release\link.read.1.tlog
J:\GPU\SummationPhaseScreen4\BNS_APP\Release\link.write.1.tlog
J:\GPU\SummationPhaseScreen4\BNS_APP\Release\link-cvtres.read.1.tlog
J:\GPU\SummationPhaseScreen4\BNS_APP\Release\link-cvtres.write.1.tlog
J:\GPU\SummationPhaseScreen4\BNS_APP\Release\mt.command.1.tlog
J:\GPU\SummationPhaseScreen4\BNS_APP\Release\mt.read.1.tlog
J:\GPU\SummationPhaseScreen4\BNS_APP\Release\mt.write.1.tlog
J:\GPU\SUMMATIONPHASESCREEN4\BNS_APP\RELEASE\OUT.OBJ
J:\GPU\SummationPhaseScreen4\BNS_APP\Release\rc.command.1.tlog
J:\GPU\SummationPhaseScreen4\BNS_APP\Release\rc.read.1.tlog
J:\GPU\SummationPhaseScreen4\BNS_APP\Release\rc.write.1.tlog
J:\GPU\SUMMATIONPHASESCREEN4\BNS_APP\RELEASE\STDAFX.OBJ
J:\GPU\SUMMATIONPHASESCREEN4\BNS_APP\RELEASE\WZDSPLASH.OBJ
J:\GPU\SUMMATIONPHASESCREEN4\RELEASE\BNS_APP.EXE
